# JRE version: OpenJDK Runtime Environment (8.0_242-b01) (build 1.8.0_242-release-1644-b01)
# Java VM: OpenJDK 64-Bit Server VM (25.242-b01 mixed mode windows-amd64 compressed oops)
Heap:
 PSYoungGen      total 630272K, used 539845K [0x00000000d5580000, 0x0000000100000000, 0x0000000100000000)
  eden space 581120K, 84% used [0x00000000d5580000,0x00000000f34b34d0,0x00000000f8d00000)
  from space 49152K, 99% used [0x00000000f8d00000,0x00000000fbcfe328,0x00000000fbd00000)
  to   space 68608K, 0% used [0x00000000fbd00000,0x00000000fbd00000,0x0000000100000000)
 ParOldGen       total 289792K, used 212208K [0x0000000080000000, 0x0000000091b00000, 0x00000000d5580000)
  object space 289792K, 73% used [0x0000000080000000,0x000000008cf3c1a8,0x0000000091b00000)
 Metaspace       used 105887K, capacity 111528K, committed 111616K, reserved 1146880K
  class space    used 13533K, capacity 14538K, committed 14592K, reserved 1048576K
GC Heap History (10 events):
Event: 74.029 GC heap before
{Heap before GC invocations=40 (full 5):
 PSYoungGen      total 644608K, used 606400K [0x00000000d5580000, 0x00000000ffc00000, 0x0000000100000000)
  eden space 599552K, 100% used [0x00000000d5580000,0x00000000f9f00000,0x00000000f9f00000)
  from space 45056K, 15% used [0x00000000fd000000,0x00000000fd6b0190,0x00000000ffc00000)
  to   space 47616K, 0% used [0x00000000f9f00000,0x00000000f9f00000,0x00000000fcd80000)
 ParOldGen       total 289792K, used 122390K [0x0000000080000000, 0x0000000091b00000, 0x00000000d5580000)
  object space 289792K, 42% used [0x0000000080000000,0x00000000877858a8,0x0000000091b00000)
 Metaspace       used 91617K, capacity 96434K, committed 96896K, reserved 1132544K
  class space    used 12053K, capacity 12960K, committed 13184K, reserved 1048576K
Event: 74.051 GC heap after
Heap after GC invocations=40 (full 5):
 PSYoungGen      total 647168K, used 12471K [0x00000000d5580000, 0x00000000ffe80000, 0x0000000100000000)
  eden space 599552K, 0% used [0x00000000d5580000,0x00000000d5580000,0x00000000f9f00000)
  from space 47616K, 26% used [0x00000000f9f00000,0x00000000fab2dec0,0x00000000fcd80000)
  to   space 45568K, 0% used [0x00000000fd200000,0x00000000fd200000,0x00000000ffe80000)
 ParOldGen       total 289792K, used 122398K [0x0000000080000000, 0x0000000091b00000, 0x00000000d5580000)
  object space 289792K, 42% used [0x0000000080000000,0x00000000877878a8,0x0000000091b00000)
 Metaspace       used 91617K, capacity 96434K, committed 96896K, reserved 1132544K
  class space    used 12053K, capacity 12960K, committed 13184K, reserved 1048576K
}
Event: 78.805 GC heap before
{Heap before GC invocations=41 (full 5):
 PSYoungGen      total 647168K, used 611821K [0x00000000d5580000, 0x00000000ffe80000, 0x0000000100000000)
  eden space 599552K, 99% used [0x00000000d5580000,0x00000000f9ecd800,0x00000000f9f00000)
  from space 47616K, 26% used [0x00000000f9f00000,0x00000000fab2dec0,0x00000000fcd80000)
  to   space 45568K, 0% used [0x00000000fd200000,0x00000000fd200000,0x00000000ffe80000)
 ParOldGen       total 289792K, used 122398K [0x0000000080000000, 0x0000000091b00000, 0x00000000d5580000)
  object space 289792K, 42% used [0x0000000080000000,0x00000000877878a8,0x0000000091b00000)
 Metaspace       used 97659K, capacity 102444K, committed 103040K, reserved 1138688K
  class space    used 12800K, capacity 13704K, committed 13952K, reserved 1048576K
Event: 78.843 GC heap after
Heap after GC invocations=41 (full 5):
 PSYoungGen      total 651264K, used 26086K [0x00000000d5580000, 0x00000000fff00000, 0x0000000100000000)
  eden space 605696K, 0% used [0x00000000d5580000,0x00000000d5580000,0x00000000fa500000)
  from space 45568K, 57% used [0x00000000fd200000,0x00000000feb79a10,0x00000000ffe80000)
  to   space 46080K, 0% used [0x00000000fa500000,0x00000000fa500000,0x00000000fd200000)
 ParOldGen       total 289792K, used 122406K [0x0000000080000000, 0x0000000091b00000, 0x00000000d5580000)
  object space 289792K, 42% used [0x0000000080000000,0x00000000877898a8,0x0000000091b00000)
 Metaspace       used 97659K, capacity 102444K, committed 103040K, reserved 1138688K
  class space    used 12800K, capacity 13704K, committed 13952K, reserved 1048576K
}
Event: 593.472 GC heap before
{Heap before GC invocations=42 (full 5):
 PSYoungGen      total 651264K, used 631782K [0x00000000d5580000, 0x00000000fff00000, 0x0000000100000000)
  eden space 605696K, 100% used [0x00000000d5580000,0x00000000fa500000,0x00000000fa500000)
  from space 45568K, 57% used [0x00000000fd200000,0x00000000feb79a10,0x00000000ffe80000)
  to   space 46080K, 0% used [0x00000000fa500000,0x00000000fa500000,0x00000000fd200000)
 ParOldGen       total 289792K, used 122406K [0x0000000080000000, 0x0000000091b00000, 0x00000000d5580000)
  object space 289792K, 42% used [0x0000000080000000,0x00000000877898a8,0x0000000091b00000)
 Metaspace       used 103231K, capacity 108320K, committed 108544K, reserved 1142784K
  class space    used 13377K, capacity 14270K, committed 14336K, reserved 1048576K
Event: 593.531 GC heap after
Heap after GC invocations=42 (full 5):
 PSYoungGen      total 636928K, used 30860K [0x00000000d5580000, 0x0000000100000000, 0x0000000100000000)
  eden space 605696K, 0% used [0x00000000d5580000,0x00000000d5580000,0x00000000fa500000)
  from space 31232K, 98% used [0x00000000fa500000,0x00000000fc3230a0,0x00000000fc380000)
  to   space 48640K, 0% used [0x00000000fd080000,0x00000000fd080000,0x0000000100000000)
 ParOldGen       total 289792K, used 122414K [0x0000000080000000, 0x0000000091b00000, 0x00000000d5580000)
  object space 289792K, 42% used [0x0000000080000000,0x000000008778b8a8,0x0000000091b00000)
 Metaspace       used 103231K, capacity 108320K, committed 108544K, reserved 1142784K
  class space    used 13377K, capacity 14270K, committed 14336K, reserved 1048576K
}
Event: 5615.769 GC heap before
{Heap before GC invocations=43 (full 5):
 PSYoungGen      total 636928K, used 636556K [0x00000000d5580000, 0x0000000100000000, 0x0000000100000000)
  eden space 605696K, 100% used [0x00000000d5580000,0x00000000fa500000,0x00000000fa500000)
  from space 31232K, 98% used [0x00000000fa500000,0x00000000fc3230a0,0x00000000fc380000)
  to   space 48640K, 0% used [0x00000000fd080000,0x00000000fd080000,0x0000000100000000)
 ParOldGen       total 289792K, used 122414K [0x0000000080000000, 0x0000000091b00000, 0x00000000d5580000)
  object space 289792K, 42% used [0x0000000080000000,0x000000008778b8a8,0x0000000091b00000)
 Metaspace       used 104758K, capacity 110096K, committed 110208K, reserved 1144832K
  class space    used 13454K, capacity 14394K, committed 14464K, reserved 1048576K
Event: 5616.075 GC heap after
Heap after GC invocations=43 (full 5):
 PSYoungGen      total 610304K, used 28673K [0x00000000d5580000, 0x00000000fed00000, 0x0000000100000000)
  eden space 581120K, 0% used [0x00000000d5580000,0x00000000d5580000,0x00000000f8d00000)
  from space 29184K, 98% used [0x00000000fd080000,0x00000000fec80470,0x00000000fed00000)
  to   space 49152K, 0% used [0x00000000f8d00000,0x00000000f8d00000,0x00000000fbd00000)
 ParOldGen       total 289792K, used 122422K [0x0000000080000000, 0x0000000091b00000, 0x00000000d5580000)
  object space 289792K, 42% used [0x0000000080000000,0x000000008778d8a8,0x0000000091b00000)
 Metaspace       used 104758K, capacity 110096K, committed 110208K, reserved 1144832K
  class space    used 13454K, capacity 14394K, committed 14464K, reserved 1048576K
}
Event: 5624.002 GC heap before
{Heap before GC invocations=44 (full 5):
 PSYoungGen      total 610304K, used 609793K [0x00000000d5580000, 0x00000000fed00000, 0x0000000100000000)
  eden space 581120K, 100% used [0x00000000d5580000,0x00000000f8d00000,0x00000000f8d00000)
  from space 29184K, 98% used [0x00000000fd080000,0x00000000fec80470,0x00000000fed00000)
  to   space 49152K, 0% used [0x00000000f8d00000,0x00000000f8d00000,0x00000000fbd00000)
 ParOldGen       total 289792K, used 122422K [0x0000000080000000, 0x0000000091b00000, 0x00000000d5580000)
  object space 289792K, 42% used [0x0000000080000000,0x000000008778d8a8,0x0000000091b00000)
 Metaspace       used 105218K, capacity 110564K, committed 110720K, reserved 1144832K
  class space    used 13475K, capacity 14434K, committed 14464K, reserved 1048576K
Event: 5625.511 GC heap after
Heap after GC invocations=44 (full 5):
 PSYoungGen      total 630272K, used 49144K [0x00000000d5580000, 0x0000000100000000, 0x0000000100000000)
  eden space 581120K, 0% used [0x00000000d5580000,0x00000000d5580000,0x00000000f8d00000)
  from space 49152K, 99% used [0x00000000f8d00000,0x00000000fbcfe328,0x00000000fbd00000)
  to   space 68608K, 0% used [0x00000000fbd00000,0x00000000fbd00000,0x0000000100000000)
 ParOldGen       total 289792K, used 212208K [0x0000000080000000, 0x0000000091b00000, 0x00000000d5580000)
  object space 289792K, 73% used [0x0000000080000000,0x000000008cf3c1a8,0x0000000091b00000)
 Metaspace       used 105218K, capacity 110564K, committed 110720K, reserved 1144832K
  class space    used 13475K, capacity 14434K, committed 14464K, reserved 1048576K
}

