# JRE version: OpenJDK Runtime Environment (8.0_242-b01) (build 1.8.0_242-release-1644-b01)
# Java VM: OpenJDK 64-Bit Server VM (25.242-b01 mixed mode windows-amd64 compressed oops)
Heap:
 PSYoungGen      total 422912K, used 344299K [0x00000000d5580000, 0x00000000f7600000, 0x0000000100000000)
  eden space 332288K, 98% used [0x00000000d5580000,0x00000000e9509bb8,0x00000000e9a00000)
  from space 90624K, 18% used [0x00000000e9a00000,0x00000000eaab1138,0x00000000ef280000)
  to   space 87040K, 0% used [0x00000000f2100000,0x00000000f2100000,0x00000000f7600000)
 ParOldGen       total 252416K, used 86428K [0x0000000080000000, 0x000000008f680000, 0x00000000d5580000)
  object space 252416K, 34% used [0x0000000080000000,0x0000000085467010,0x000000008f680000)
 Metaspace       used 95762K, capacity 101102K, committed 101464K, reserved 1136640K
  class space    used 12394K, capacity 13323K, committed 13440K, reserved 1048576K
GC Heap History (10 events):
Event: 645.868 GC heap before
{Heap before GC invocations=25 (full 4):
 PSYoungGen      total 311808K, used 259373K [0x00000000d5580000, 0x00000000eca00000, 0x0000000100000000)
  eden space 245248K, 100% used [0x00000000d5580000,0x00000000e4500000,0x00000000e4500000)
  from space 66560K, 21% used [0x00000000e8900000,0x00000000e96cb618,0x00000000eca00000)
  to   space 68096K, 0% used [0x00000000e4500000,0x00000000e4500000,0x00000000e8780000)
 ParOldGen       total 252416K, used 76480K [0x0000000080000000, 0x000000008f680000, 0x00000000d5580000)
  object space 252416K, 30% used [0x0000000080000000,0x0000000084ab0350,0x000000008f680000)
 Metaspace       used 92488K, capacity 96970K, committed 97624K, reserved 1134592K
  class space    used 12125K, capacity 12971K, committed 13184K, reserved 1048576K
Event: 646.064 GC heap after
Heap after GC invocations=25 (full 4):
 PSYoungGen      total 313344K, used 68064K [0x00000000d5580000, 0x00000000f1980000, 0x0000000100000000)
  eden space 245248K, 0% used [0x00000000d5580000,0x00000000d5580000,0x00000000e4500000)
  from space 68096K, 99% used [0x00000000e4500000,0x00000000e8778368,0x00000000e8780000)
  to   space 80896K, 0% used [0x00000000eca80000,0x00000000eca80000,0x00000000f1980000)
 ParOldGen       total 252416K, used 79723K [0x0000000080000000, 0x000000008f680000, 0x00000000d5580000)
  object space 252416K, 31% used [0x0000000080000000,0x0000000084ddaca0,0x000000008f680000)
 Metaspace       used 92488K, capacity 96970K, committed 97624K, reserved 1134592K
  class space    used 12125K, capacity 12971K, committed 13184K, reserved 1048576K
}
Event: 731.044 GC heap before
{Heap before GC invocations=26 (full 4):
 PSYoungGen      total 313344K, used 313312K [0x00000000d5580000, 0x00000000f1980000, 0x0000000100000000)
  eden space 245248K, 100% used [0x00000000d5580000,0x00000000e4500000,0x00000000e4500000)
  from space 68096K, 99% used [0x00000000e4500000,0x00000000e8778368,0x00000000e8780000)
  to   space 80896K, 0% used [0x00000000eca80000,0x00000000eca80000,0x00000000f1980000)
 ParOldGen       total 252416K, used 79723K [0x0000000080000000, 0x000000008f680000, 0x00000000d5580000)
  object space 252416K, 31% used [0x0000000080000000,0x0000000084ddaca0,0x000000008f680000)
 Metaspace       used 92650K, capacity 97094K, committed 97880K, reserved 1134592K
  class space    used 12133K, capacity 12979K, committed 13184K, reserved 1048576K
Event: 731.069 GC heap after
Heap after GC invocations=26 (full 4):
 PSYoungGen      total 364544K, used 11013K [0x00000000d5580000, 0x00000000f0f00000, 0x0000000100000000)
  eden space 294400K, 0% used [0x00000000d5580000,0x00000000d5580000,0x00000000e7500000)
  from space 70144K, 15% used [0x00000000eca80000,0x00000000ed541768,0x00000000f0f00000)
  to   space 78848K, 0% used [0x00000000e7500000,0x00000000e7500000,0x00000000ec200000)
 ParOldGen       total 252416K, used 83765K [0x0000000080000000, 0x000000008f680000, 0x00000000d5580000)
  object space 252416K, 33% used [0x0000000080000000,0x00000000851cd6f0,0x000000008f680000)
 Metaspace       used 92650K, capacity 97094K, committed 97880K, reserved 1134592K
  class space    used 12133K, capacity 12979K, committed 13184K, reserved 1048576K
}
Event: 1230.379 GC heap before
{Heap before GC invocations=27 (full 4):
 PSYoungGen      total 364544K, used 305413K [0x00000000d5580000, 0x00000000f0f00000, 0x0000000100000000)
  eden space 294400K, 100% used [0x00000000d5580000,0x00000000e7500000,0x00000000e7500000)
  from space 70144K, 15% used [0x00000000eca80000,0x00000000ed541768,0x00000000f0f00000)
  to   space 78848K, 0% used [0x00000000e7500000,0x00000000e7500000,0x00000000ec200000)
 ParOldGen       total 252416K, used 83765K [0x0000000080000000, 0x000000008f680000, 0x00000000d5580000)
  object space 252416K, 33% used [0x0000000080000000,0x00000000851cd6f0,0x000000008f680000)
 Metaspace       used 93591K, capacity 98456K, committed 98904K, reserved 1134592K
  class space    used 12179K, capacity 13060K, committed 13184K, reserved 1048576K
Event: 1230.405 GC heap after
Heap after GC invocations=27 (full 4):
 PSYoungGen      total 373248K, used 2928K [0x00000000d5580000, 0x00000000f3f00000, 0x0000000100000000)
  eden space 294400K, 0% used [0x00000000d5580000,0x00000000d5580000,0x00000000e7500000)
  from space 78848K, 3% used [0x00000000e7500000,0x00000000e77dc020,0x00000000ec200000)
  to   space 78336K, 0% used [0x00000000ef280000,0x00000000ef280000,0x00000000f3f00000)
 ParOldGen       total 252416K, used 85925K [0x0000000080000000, 0x000000008f680000, 0x00000000d5580000)
  object space 252416K, 34% used [0x0000000080000000,0x00000000853e9700,0x000000008f680000)
 Metaspace       used 93591K, capacity 98456K, committed 98904K, reserved 1134592K
  class space    used 12179K, capacity 13060K, committed 13184K, reserved 1048576K
}
Event: 1233.603 GC heap before
{Heap before GC invocations=28 (full 4):
 PSYoungGen      total 373248K, used 297018K [0x00000000d5580000, 0x00000000f3f00000, 0x0000000100000000)
  eden space 294400K, 99% used [0x00000000d5580000,0x00000000e74b2850,0x00000000e7500000)
  from space 78848K, 3% used [0x00000000e7500000,0x00000000e77dc020,0x00000000ec200000)
  to   space 78336K, 0% used [0x00000000ef280000,0x00000000ef280000,0x00000000f3f00000)
 ParOldGen       total 252416K, used 85925K [0x0000000080000000, 0x000000008f680000, 0x00000000d5580000)
  object space 252416K, 34% used [0x0000000080000000,0x00000000853e9700,0x000000008f680000)
 Metaspace       used 93847K, capacity 98650K, committed 98904K, reserved 1134592K
  class space    used 12194K, capacity 13081K, committed 13184K, reserved 1048576K
Event: 1233.879 GC heap after
Heap after GC invocations=28 (full 4):
 PSYoungGen      total 410624K, used 73501K [0x00000000d5580000, 0x00000000f6900000, 0x0000000100000000)
  eden space 332288K, 0% used [0x00000000d5580000,0x00000000d5580000,0x00000000e9a00000)
  from space 78336K, 93% used [0x00000000ef280000,0x00000000f3a475f8,0x00000000f3f00000)
  to   space 90624K, 0% used [0x00000000e9a00000,0x00000000e9a00000,0x00000000ef280000)
 ParOldGen       total 252416K, used 85933K [0x0000000080000000, 0x000000008f680000, 0x00000000d5580000)
  object space 252416K, 34% used [0x0000000080000000,0x00000000853eb700,0x000000008f680000)
 Metaspace       used 93847K, capacity 98650K, committed 98904K, reserved 1134592K
  class space    used 12194K, capacity 13081K, committed 13184K, reserved 1048576K
}
Event: 1264.913 GC heap before
{Heap before GC invocations=29 (full 4):
 PSYoungGen      total 410624K, used 405789K [0x00000000d5580000, 0x00000000f6900000, 0x0000000100000000)
  eden space 332288K, 100% used [0x00000000d5580000,0x00000000e9a00000,0x00000000e9a00000)
  from space 78336K, 93% used [0x00000000ef280000,0x00000000f3a475f8,0x00000000f3f00000)
  to   space 90624K, 0% used [0x00000000e9a00000,0x00000000e9a00000,0x00000000ef280000)
 ParOldGen       total 252416K, used 85933K [0x0000000080000000, 0x000000008f680000, 0x00000000d5580000)
  object space 252416K, 34% used [0x0000000080000000,0x00000000853eb700,0x000000008f680000)
 Metaspace       used 94995K, capacity 100064K, committed 100312K, reserved 1136640K
  class space    used 12329K, capacity 13252K, committed 13312K, reserved 1048576K
Event: 1264.950 GC heap after
Heap after GC invocations=29 (full 4):
 PSYoungGen      total 422912K, used 17092K [0x00000000d5580000, 0x00000000f7600000, 0x0000000100000000)
  eden space 332288K, 0% used [0x00000000d5580000,0x00000000d5580000,0x00000000e9a00000)
  from space 90624K, 18% used [0x00000000e9a00000,0x00000000eaab1138,0x00000000ef280000)
  to   space 87040K, 0% used [0x00000000f2100000,0x00000000f2100000,0x00000000f7600000)
 ParOldGen       total 252416K, used 86428K [0x0000000080000000, 0x000000008f680000, 0x00000000d5580000)
  object space 252416K, 34% used [0x0000000080000000,0x0000000085467010,0x000000008f680000)
 Metaspace       used 94995K, capacity 100064K, committed 100312K, reserved 1136640K
  class space    used 12329K, capacity 13252K, committed 13312K, reserved 1048576K
}

